0 verbose cli /usr/local/bin/node /usr/local/bin/npm
1 info using npm@10.8.2
2 info using node@v20.19.0
3 silly config load:file:/usr/local/lib/node_modules/npm/npmrc
4 silly config load:file:/data/.npmrc
5 silly config load:file:/usr/src/node-red/.npmrc
6 silly config load:file:/usr/local/etc/npmrc
7 verbose title npm install node-red-node-serialport@2.0.3
8 verbose argv "install" "--no-audit" "--no-update-notifier" "--no-fund" "--save" "--save-prefix" "~" "--omit" "dev" "--engine-strict" "node-red-node-serialport@2.0.3"
9 verbose logfile logs-max:10 dir:/data/.npm/_logs/2025-03-26T09_55_38_424Z-
10 verbose logfile /data/.npm/_logs/2025-03-26T09_55_38_424Z-debug-0.log
11 silly packumentCache heap:2038431744 maxSize:509607936 maxEntrySize:254803968
12 silly logfile done cleaning log files
13 silly idealTree buildDeps
14 silly fetch manifest node-red-node-serialport@2.0.3
15 silly packumentCache full:https://registry.npmjs.org/node-red-node-serialport cache-miss
16 http fetch GET 200 https://registry.npmjs.org/node-red-node-serialport 1041ms (cache updated)
17 silly packumentCache full:https://registry.npmjs.org/node-red-node-serialport set size:undefined disposed:false
18 silly placeDep ROOT node-red-node-serialport@2.0.3 OK for: node-red-project@0.0.1 want: 2.0.3
19 silly reify moves {}
20 silly ADD node_modules/node-red-node-serialport
21 verbose cwd /data
22 verbose os Linux 6.6.51+rpt-rpi-v8
23 verbose node v20.19.0
24 verbose npm  v10.8.2
25 verbose exit 0
26 info ok
